<?xml version="1.0" encoding="UTF-8"?>
<testsuite name="ClassTest1" tests="1" skipped="0" failures="0" errors="0" timestamp="2021-04-26T15:11:51" hostname="MSI" time="0.038">
  <properties/>
  <testcase name="testJava()" classname="ClassTest1" time="0.038"/>
  <system-out><![CDATA[]]></system-out>
  <system-err><![CDATA[]]></system-err>
</testsuite>
