<?xml version="1.0" encoding="UTF-8"?>
<testsuite name="mainScalaTest" tests="1" skipped="0" failures="0" errors="0" timestamp="2021-04-27T06:28:28" hostname="DESKTOP-ABM4E21" time="0.05">
  <properties/>
  <testcase name="testSommaScala()" classname="mainScalaTest" time="0.05"/>
  <system-out><![CDATA[]]></system-out>
  <system-err><![CDATA[]]></system-err>
</testsuite>
