<?xml version="1.0" encoding="UTF-8"?>
<testsuite name="CoucouJavaTest" tests="1" skipped="0" failures="0" errors="0" timestamp="2021-04-26T20:39:14" hostname="DESKTOP-GR6SJCL" time="0.03">
  <properties/>
  <testcase name="testHelloEmpty()" classname="CoucouJavaTest" time="0.03"/>
  <system-out><![CDATA[]]></system-out>
  <system-err><![CDATA[]]></system-err>
</testsuite>
