<?xml version="1.0" encoding="UTF-8"?>
<testsuite name="SimpleListManagerTest" tests="1" skipped="0" failures="0" errors="0" timestamp="2021-04-26T19:43:39" hostname="DESKTOP-GR6SJCL" time="0.027">
  <properties/>
  <testcase name="testJava()" classname="SimpleListManagerTest" time="0.027"/>
  <system-out><![CDATA[]]></system-out>
  <system-err><![CDATA[]]></system-err>
</testsuite>
